0 info it worked if it ends with ok
1 verbose cli [ '/usr/local/bin/node', '/usr/local/bin/npm', 'publish' ]
2 info using npm@2.15.0
3 info using node@v4.4.2
4 verbose publish [ '.' ]
5 silly cache add args [ '.', null ]
6 verbose cache add spec .
7 silly cache add parsed spec Result {
7 silly cache add   raw: '.',
7 silly cache add   scope: null,
7 silly cache add   name: null,
7 silly cache add   rawSpec: '.',
7 silly cache add   spec: '/Users/jackygood/work/lh/node_pro/t1',
7 silly cache add   type: 'directory' }
8 verbose addLocalDirectory /Users/jackygood/.npm/node1/1.0.0/package.tgz not in flight; packing
9 verbose correctMkdir /Users/jackygood/.npm correctMkdir not in flight; initializing
10 verbose tar pack [ '/Users/jackygood/.npm/node1/1.0.0/package.tgz',
10 verbose tar pack   '/Users/jackygood/work/lh/node_pro/t1' ]
11 verbose tarball /Users/jackygood/.npm/node1/1.0.0/package.tgz
12 verbose folder /Users/jackygood/work/lh/node_pro/t1
13 info prepublish node1@1.0.0
14 verbose addLocalTarball adding from inside cache /Users/jackygood/.npm/node1/1.0.0/package.tgz
15 verbose correctMkdir /Users/jackygood/.npm correctMkdir not in flight; initializing
16 silly cache afterAdd node1@1.0.0
17 verbose afterAdd /Users/jackygood/.npm/node1/1.0.0/package/package.json not in flight; writing
18 verbose correctMkdir /Users/jackygood/.npm correctMkdir not in flight; initializing
19 verbose afterAdd /Users/jackygood/.npm/node1/1.0.0/package/package.json written
20 silly publish { name: 'node1',
20 silly publish   version: '1.0.0',
20 silly publish   description: 'node1',
20 silly publish   main: 'server.js',
20 silly publish   scripts: { test: 'make test', start: 'node server.js' },
20 silly publish   author: { name: 'jackygood' },
20 silly publish   license: 'ISC',
20 silly publish   readme: 'ERROR: No README data found!',
20 silly publish   _id: 'node1@1.0.0',
20 silly publish   _shasum: '1725b3f518a5cb08d0cce5aaba899408909fe606',
20 silly publish   _from: '.' }
21 verbose getPublishConfig undefined
22 silly mapToRegistry name node1
23 silly mapToRegistry using default registry
24 silly mapToRegistry registry https://registry.npmjs.org/
25 silly mapToRegistry data Result {
25 silly mapToRegistry   raw: 'node1',
25 silly mapToRegistry   scope: null,
25 silly mapToRegistry   name: 'node1',
25 silly mapToRegistry   rawSpec: '',
25 silly mapToRegistry   spec: 'latest',
25 silly mapToRegistry   type: 'tag' }
26 silly mapToRegistry uri https://registry.npmjs.org/node1
27 verbose publish registryBase https://registry.npmjs.org/
28 silly publish uploading /Users/jackygood/.npm/node1/1.0.0/package.tgz
29 verbose request uri https://registry.npmjs.org/node1
30 verbose request sending authorization for write operation
31 info attempt registry request try #1 at 15:23:20
32 verbose request using bearer token for auth
33 verbose request id 6578b6cb3fb406c9
34 http request PUT https://registry.npmjs.org/node1
35 http 403 https://registry.npmjs.org/node1
36 verbose headers { 'content-type': 'application/json',
36 verbose headers   'cache-control': 'max-age=300',
36 verbose headers   'content-length': '99',
36 verbose headers   'accept-ranges': 'bytes',
36 verbose headers   date: 'Fri, 29 Apr 2016 07:23:17 GMT',
36 verbose headers   via: '1.1 varnish',
36 verbose headers   connection: 'keep-alive',
36 verbose headers   'x-served-by': 'cache-itm7426-ITM',
36 verbose headers   'x-cache': 'MISS',
36 verbose headers   'x-cache-hits': '0',
36 verbose headers   'x-timer': 'S1461914596.545619,VS0,VE615',
36 verbose headers   vary: 'Accept-Encoding' }
37 verbose request invalidating /Users/jackygood/.npm/registry.npmjs.org/node1 on PUT
38 error publish Failed PUT 403
39 verbose stack Error: you do not have permission to publish "node1". Are you logged in as the correct user? : node1
39 verbose stack     at makeError (/usr/local/lib/node_modules/npm/node_modules/npm-registry-client/lib/request.js:264:12)
39 verbose stack     at CachingRegistryClient.<anonymous> (/usr/local/lib/node_modules/npm/node_modules/npm-registry-client/lib/request.js:252:14)
39 verbose stack     at Request._callback (/usr/local/lib/node_modules/npm/node_modules/npm-registry-client/lib/request.js:172:14)
39 verbose stack     at Request.self.callback (/usr/local/lib/node_modules/npm/node_modules/request/request.js:199:22)
39 verbose stack     at emitTwo (events.js:87:13)
39 verbose stack     at Request.emit (events.js:172:7)
39 verbose stack     at Request.<anonymous> (/usr/local/lib/node_modules/npm/node_modules/request/request.js:1036:10)
39 verbose stack     at emitOne (events.js:82:20)
39 verbose stack     at Request.emit (events.js:169:7)
39 verbose stack     at IncomingMessage.<anonymous> (/usr/local/lib/node_modules/npm/node_modules/request/request.js:963:12)
40 verbose statusCode 403
41 verbose pkgid node1
42 verbose cwd /Users/jackygood/work/lh/node_pro/t1
43 error Darwin 15.4.0
44 error argv "/usr/local/bin/node" "/usr/local/bin/npm" "publish"
45 error node v4.4.2
46 error npm  v2.15.0
47 error code E403
48 error you do not have permission to publish "node1". Are you logged in as the correct user? : node1
49 error If you need help, you may report this error at:
49 error     <https://github.com/npm/npm/issues>
50 verbose exit [ 1, true ]
